2025-01-17T14:18:58.916+05:30  INFO 48672 --- [main] com.donateraja.ApplicationKt             : Starting ApplicationKt using Java 17.0.13 with PID 48672 (D:\rabbani-dr\donateraja\out\production\classes started by HAI in D:\rabbani-dr\donateraja)
2025-01-17T14:18:58.926+05:30  INFO 48672 --- [main] com.donateraja.ApplicationKt             : No active profile set, falling back to 1 default profile: "default"
2025-01-17T14:19:01.308+05:30  INFO 48672 --- [main] .s.d.r.c.RepositoryConfigurationDelegate : Bootstrapping Spring Data JPA repositories in DEFAULT mode.
2025-01-17T14:19:01.339+05:30  INFO 48672 --- [main] .s.d.r.c.RepositoryConfigurationDelegate : Finished Spring Data repository scanning in 17 ms. Found 0 JPA repository interfaces.
2025-01-17T14:19:02.385+05:30  INFO 48672 --- [main] o.s.b.w.embedded.tomcat.TomcatWebServer  : Tomcat initialized with port(s): 8080 (http)
2025-01-17T14:19:02.404+05:30  INFO 48672 --- [main] o.apache.catalina.core.StandardService   : Starting service [Tomcat]
2025-01-17T14:19:02.404+05:30  INFO 48672 --- [main] o.apache.catalina.core.StandardEngine    : Starting Servlet engine: [Apache Tomcat/10.1.8]
2025-01-17T14:19:02.664+05:30  INFO 48672 --- [main] o.a.c.c.C.[Tomcat].[localhost].[/]       : Initializing Spring embedded WebApplicationContext
2025-01-17T14:19:02.665+05:30  INFO 48672 --- [main] w.s.c.ServletWebServerApplicationContext : Root WebApplicationContext: initialization completed in 3652 ms
2025-01-17T14:19:02.961+05:30  INFO 48672 --- [main] com.zaxxer.hikari.HikariDataSource       : HikariPool-1 - Starting...
2025-01-17T14:19:05.768+05:30  INFO 48672 --- [main] com.zaxxer.hikari.pool.HikariPool        : HikariPool-1 - Added connection org.postgresql.jdbc.PgConnection@7bda01da
2025-01-17T14:19:05.771+05:30  INFO 48672 --- [main] com.zaxxer.hikari.HikariDataSource       : HikariPool-1 - Start completed.
2025-01-17T14:19:05.945+05:30  WARN 48672 --- [main] ConfigServletWebServerApplicationContext : Exception encountered during context initialization - cancelling refresh attempt: org.springframework.beans.factory.BeanCreationException: Error creating bean with name 'flyway' defined in class path resource [org/springframework/boot/autoconfigure/flyway/FlywayAutoConfiguration$FlywayConfiguration.class]: Failed to instantiate [org.flywaydb.core.Flyway]: Factory method 'flyway' threw exception with message: 'org.flywaydb.core.api.configuration.FluentConfiguration org.flywaydb.core.api.configuration.FluentConfiguration.oracleSqlplus(boolean)'
2025-01-17T14:19:05.946+05:30  INFO 48672 --- [main] com.zaxxer.hikari.HikariDataSource       : HikariPool-1 - Shutdown initiated...
2025-01-17T14:19:06.707+05:30  INFO 48672 --- [main] com.zaxxer.hikari.HikariDataSource       : HikariPool-1 - Shutdown completed.
2025-01-17T14:19:06.710+05:30  INFO 48672 --- [main] o.apache.catalina.core.StandardService   : Stopping service [Tomcat]
2025-01-17T14:19:06.740+05:30  INFO 48672 --- [main] .s.b.a.l.ConditionEvaluationReportLogger : 

Error starting ApplicationContext. To display the condition evaluation report re-run your application with 'debug' enabled.
2025-01-17T14:19:06.762+05:30 ERROR 48672 --- [main] o.s.b.d.LoggingFailureAnalysisReporter   : 

***************************
APPLICATION FAILED TO START
***************************

Description:

An attempt was made to call a method that does not exist. The attempt was made from the following location:

    org.springframework.boot.autoconfigure.flyway.FlywayAutoConfiguration$FlywayConfiguration.configureProperties(FlywayAutoConfiguration.java:255)

The following method did not exist:

    'org.flywaydb.core.api.configuration.FluentConfiguration org.flywaydb.core.api.configuration.FluentConfiguration.oracleSqlplus(boolean)'

The calling method's class, org.springframework.boot.autoconfigure.flyway.FlywayAutoConfiguration$FlywayConfiguration, was loaded from the following location:

    jar:file:/C:/Users/HAI/.gradle/caches/modules-2/files-2.1/org.springframework.boot/spring-boot-autoconfigure/3.1.0/b06d1f0b08f6f8a2636e364c8941b2dabc4f0b77/spring-boot-autoconfigure-3.1.0.jar!/org/springframework/boot/autoconfigure/flyway/FlywayAutoConfiguration$FlywayConfiguration.class

The called method's class, org.flywaydb.core.api.configuration.FluentConfiguration, is available from the following locations:

    jar:file:/C:/Users/HAI/.gradle/caches/modules-2/files-2.1/org.flywaydb/flyway-core/9.22.1/760fc8759fdeaddba6601c0805ca1c3002f7fa5/flyway-core-9.22.1.jar!/org/flywaydb/core/api/configuration/FluentConfiguration.class

The called method's class hierarchy was loaded from the following locations:

    org.flywaydb.core.api.configuration.FluentConfiguration: file:/C:/Users/HAI/.gradle/caches/modules-2/files-2.1/org.flywaydb/flyway-core/9.22.1/760fc8759fdeaddba6601c0805ca1c3002f7fa5/flyway-core-9.22.1.jar


Action:

Correct the classpath of your application so that it contains compatible versions of the classes org.springframework.boot.autoconfigure.flyway.FlywayAutoConfiguration$FlywayConfiguration and org.flywaydb.core.api.configuration.FluentConfiguration

2025-01-17T14:37:47.837+05:30  INFO 16104 --- [main] com.donateraja.ApplicationKt             : Starting ApplicationKt using Java 17.0.13 with PID 16104 (D:\rabbani-dr\donateraja\out\production\classes started by HAI in D:\rabbani-dr\donateraja)
2025-01-17T14:37:47.841+05:30  INFO 16104 --- [main] com.donateraja.ApplicationKt             : No active profile set, falling back to 1 default profile: "default"
2025-01-17T14:37:51.821+05:30  INFO 16104 --- [main] .s.d.r.c.RepositoryConfigurationDelegate : Bootstrapping Spring Data JPA repositories in DEFAULT mode.
2025-01-17T14:37:51.855+05:30  INFO 16104 --- [main] .s.d.r.c.RepositoryConfigurationDelegate : Finished Spring Data repository scanning in 19 ms. Found 0 JPA repository interfaces.
2025-01-17T14:37:54.109+05:30  INFO 16104 --- [main] o.s.b.w.embedded.tomcat.TomcatWebServer  : Tomcat initialized with port(s): 8080 (http)
2025-01-17T14:37:54.126+05:30  INFO 16104 --- [main] o.apache.catalina.core.StandardService   : Starting service [Tomcat]
2025-01-17T14:37:54.127+05:30  INFO 16104 --- [main] o.apache.catalina.core.StandardEngine    : Starting Servlet engine: [Apache Tomcat/10.1.8]
2025-01-17T14:37:54.450+05:30  INFO 16104 --- [main] o.a.c.c.C.[Tomcat].[localhost].[/]       : Initializing Spring embedded WebApplicationContext
2025-01-17T14:37:54.451+05:30  INFO 16104 --- [main] w.s.c.ServletWebServerApplicationContext : Root WebApplicationContext: initialization completed in 6472 ms
2025-01-17T14:37:56.948+05:30  INFO 16104 --- [main] com.zaxxer.hikari.HikariDataSource       : HikariPool-1 - Starting...
2025-01-17T14:37:59.260+05:30  INFO 16104 --- [main] com.zaxxer.hikari.pool.HikariPool        : HikariPool-1 - Added connection org.postgresql.jdbc.PgConnection@18cbc3c2
2025-01-17T14:37:59.263+05:30  INFO 16104 --- [main] com.zaxxer.hikari.HikariDataSource       : HikariPool-1 - Start completed.
2025-01-17T14:37:59.465+05:30  WARN 16104 --- [main] ConfigServletWebServerApplicationContext : Exception encountered during context initialization - cancelling refresh attempt: org.springframework.beans.factory.BeanCreationException: Error creating bean with name 'flyway' defined in class path resource [org/springframework/boot/autoconfigure/flyway/FlywayAutoConfiguration$FlywayConfiguration.class]: Failed to instantiate [org.flywaydb.core.Flyway]: Factory method 'flyway' threw exception with message: 'org.flywaydb.core.api.configuration.FluentConfiguration org.flywaydb.core.api.configuration.FluentConfiguration.oracleSqlplus(boolean)'
2025-01-17T14:37:59.466+05:30  INFO 16104 --- [main] com.zaxxer.hikari.HikariDataSource       : HikariPool-1 - Shutdown initiated...
2025-01-17T14:38:00.186+05:30  INFO 16104 --- [main] com.zaxxer.hikari.HikariDataSource       : HikariPool-1 - Shutdown completed.
2025-01-17T14:38:00.203+05:30  INFO 16104 --- [main] o.apache.catalina.core.StandardService   : Stopping service [Tomcat]
2025-01-17T14:38:00.327+05:30  INFO 16104 --- [main] .s.b.a.l.ConditionEvaluationReportLogger : 

Error starting ApplicationContext. To display the condition evaluation report re-run your application with 'debug' enabled.
2025-01-17T14:38:00.472+05:30 ERROR 16104 --- [main] o.s.b.d.LoggingFailureAnalysisReporter   : 

***************************
APPLICATION FAILED TO START
***************************

Description:

An attempt was made to call a method that does not exist. The attempt was made from the following location:

    org.springframework.boot.autoconfigure.flyway.FlywayAutoConfiguration$FlywayConfiguration.configureProperties(FlywayAutoConfiguration.java:255)

The following method did not exist:

    'org.flywaydb.core.api.configuration.FluentConfiguration org.flywaydb.core.api.configuration.FluentConfiguration.oracleSqlplus(boolean)'

The calling method's class, org.springframework.boot.autoconfigure.flyway.FlywayAutoConfiguration$FlywayConfiguration, was loaded from the following location:

    jar:file:/C:/Users/HAI/.gradle/caches/modules-2/files-2.1/org.springframework.boot/spring-boot-autoconfigure/3.1.0/b06d1f0b08f6f8a2636e364c8941b2dabc4f0b77/spring-boot-autoconfigure-3.1.0.jar!/org/springframework/boot/autoconfigure/flyway/FlywayAutoConfiguration$FlywayConfiguration.class

The called method's class, org.flywaydb.core.api.configuration.FluentConfiguration, is available from the following locations:

    jar:file:/C:/Users/HAI/.gradle/caches/modules-2/files-2.1/org.flywaydb/flyway-core/9.22.1/760fc8759fdeaddba6601c0805ca1c3002f7fa5/flyway-core-9.22.1.jar!/org/flywaydb/core/api/configuration/FluentConfiguration.class

The called method's class hierarchy was loaded from the following locations:

    org.flywaydb.core.api.configuration.FluentConfiguration: file:/C:/Users/HAI/.gradle/caches/modules-2/files-2.1/org.flywaydb/flyway-core/9.22.1/760fc8759fdeaddba6601c0805ca1c3002f7fa5/flyway-core-9.22.1.jar


Action:

Correct the classpath of your application so that it contains compatible versions of the classes org.springframework.boot.autoconfigure.flyway.FlywayAutoConfiguration$FlywayConfiguration and org.flywaydb.core.api.configuration.FluentConfiguration

2025-01-17T14:40:28.751+05:30  INFO 10748 --- [main] com.donateraja.ApplicationKt             : Starting ApplicationKt using Java 17.0.13 with PID 10748 (D:\rabbani-dr\donateraja\out\production\classes started by HAI in D:\rabbani-dr\donateraja)
2025-01-17T14:40:28.757+05:30  INFO 10748 --- [main] com.donateraja.ApplicationKt             : No active profile set, falling back to 1 default profile: "default"
2025-01-17T14:40:30.956+05:30  INFO 10748 --- [main] .s.d.r.c.RepositoryConfigurationDelegate : Bootstrapping Spring Data JPA repositories in DEFAULT mode.
2025-01-17T14:40:30.990+05:30  INFO 10748 --- [main] .s.d.r.c.RepositoryConfigurationDelegate : Finished Spring Data repository scanning in 18 ms. Found 0 JPA repository interfaces.
2025-01-17T14:40:31.968+05:30  INFO 10748 --- [main] o.s.b.w.embedded.tomcat.TomcatWebServer  : Tomcat initialized with port(s): 8080 (http)
2025-01-17T14:40:31.984+05:30  INFO 10748 --- [main] o.apache.catalina.core.StandardService   : Starting service [Tomcat]
2025-01-17T14:40:31.985+05:30  INFO 10748 --- [main] o.apache.catalina.core.StandardEngine    : Starting Servlet engine: [Apache Tomcat/10.1.8]
2025-01-17T14:40:32.209+05:30  INFO 10748 --- [main] o.a.c.c.C.[Tomcat].[localhost].[/]       : Initializing Spring embedded WebApplicationContext
2025-01-17T14:40:32.210+05:30  INFO 10748 --- [main] w.s.c.ServletWebServerApplicationContext : Root WebApplicationContext: initialization completed in 3335 ms
2025-01-17T14:40:32.648+05:30  INFO 10748 --- [main] o.f.c.internal.license.VersionPrinter    : Flyway Community Edition 9.16.3 by Redgate
2025-01-17T14:40:32.649+05:30  INFO 10748 --- [main] o.f.c.internal.license.VersionPrinter    : See release notes here: https://rd.gt/416ObMi
2025-01-17T14:40:32.649+05:30  INFO 10748 --- [main] o.f.c.internal.license.VersionPrinter    : 
2025-01-17T14:40:32.664+05:30  INFO 10748 --- [main] com.zaxxer.hikari.HikariDataSource       : HikariPool-1 - Starting...
2025-01-17T14:40:33.971+05:30  INFO 10748 --- [main] com.zaxxer.hikari.pool.HikariPool        : HikariPool-1 - Added connection org.postgresql.jdbc.PgConnection@2382b2f
2025-01-17T14:40:33.974+05:30  INFO 10748 --- [main] com.zaxxer.hikari.HikariDataSource       : HikariPool-1 - Start completed.
2025-01-17T14:40:34.082+05:30  INFO 10748 --- [main] o.f.c.i.database.base.BaseDatabaseType   : Database: jdbc:postgresql://ep-tiny-forest-a17k2xt8.ap-southeast-1.aws.neon.tech:5432/donateraja (PostgreSQL 16.6)
2025-01-17T14:40:34.722+05:30  WARN 10748 --- [main] o.f.c.internal.database.base.Database    : Flyway upgrade recommended: PostgreSQL 16.6 is newer than this version of Flyway and support has not been tested. The latest supported version of PostgreSQL is 15.
2025-01-17T14:40:35.454+05:30  WARN 10748 --- [main] ConfigServletWebServerApplicationContext : Exception encountered during context initialization - cancelling refresh attempt: org.springframework.beans.factory.BeanCreationException: Error creating bean with name 'flywayInitializer' defined in class path resource [org/springframework/boot/autoconfigure/flyway/FlywayAutoConfiguration$FlywayConfiguration.class]: Validate failed: Migrations have failed validation
Migration checksum mismatch for migration version 1
-> Applied to database : -1620771613
-> Resolved locally    : 1212735103
Either revert the changes to the migration, or run repair to update the schema history.
Need more flexibility with validation rules? Learn more: https://rd.gt/3AbJUZE
2025-01-17T14:40:35.456+05:30  INFO 10748 --- [main] com.zaxxer.hikari.HikariDataSource       : HikariPool-1 - Shutdown initiated...
2025-01-17T14:40:35.687+05:30  INFO 10748 --- [main] com.zaxxer.hikari.HikariDataSource       : HikariPool-1 - Shutdown completed.
2025-01-17T14:40:35.694+05:30  INFO 10748 --- [main] o.apache.catalina.core.StandardService   : Stopping service [Tomcat]
2025-01-17T14:40:35.743+05:30  INFO 10748 --- [main] .s.b.a.l.ConditionEvaluationReportLogger : 

Error starting ApplicationContext. To display the condition evaluation report re-run your application with 'debug' enabled.
2025-01-17T14:40:35.766+05:30 ERROR 10748 --- [main] o.s.boot.SpringApplication               : Application run failed

org.springframework.beans.factory.BeanCreationException: Error creating bean with name 'flywayInitializer' defined in class path resource [org/springframework/boot/autoconfigure/flyway/FlywayAutoConfiguration$FlywayConfiguration.class]: Validate failed: Migrations have failed validation
Migration checksum mismatch for migration version 1
-> Applied to database : -1620771613
-> Resolved locally    : 1212735103
Either revert the changes to the migration, or run repair to update the schema history.
Need more flexibility with validation rules? Learn more: https://rd.gt/3AbJUZE
	at org.springframework.beans.factory.support.AbstractAutowireCapableBeanFactory.initializeBean(AbstractAutowireCapableBeanFactory.java:1770) ~[spring-beans-6.0.9.jar:6.0.9]
	at org.springframework.beans.factory.support.AbstractAutowireCapableBeanFactory.doCreateBean(AbstractAutowireCapableBeanFactory.java:598) ~[spring-beans-6.0.9.jar:6.0.9]
	at org.springframework.beans.factory.support.AbstractAutowireCapableBeanFactory.createBean(AbstractAutowireCapableBeanFactory.java:520) ~[spring-beans-6.0.9.jar:6.0.9]
	at org.springframework.beans.factory.support.AbstractBeanFactory.lambda$doGetBean$0(AbstractBeanFactory.java:326) ~[spring-beans-6.0.9.jar:6.0.9]
	at org.springframework.beans.factory.support.DefaultSingletonBeanRegistry.getSingleton(DefaultSingletonBeanRegistry.java:234) ~[spring-beans-6.0.9.jar:6.0.9]
	at org.springframework.beans.factory.support.AbstractBeanFactory.doGetBean(AbstractBeanFactory.java:324) ~[spring-beans-6.0.9.jar:6.0.9]
	at org.springframework.beans.factory.support.AbstractBeanFactory.getBean(AbstractBeanFactory.java:200) ~[spring-beans-6.0.9.jar:6.0.9]
	at org.springframework.beans.factory.support.AbstractBeanFactory.doGetBean(AbstractBeanFactory.java:313) ~[spring-beans-6.0.9.jar:6.0.9]
	at org.springframework.beans.factory.support.AbstractBeanFactory.getBean(AbstractBeanFactory.java:200) ~[spring-beans-6.0.9.jar:6.0.9]
	at org.springframework.context.support.AbstractApplicationContext.getBean(AbstractApplicationContext.java:1156) ~[spring-context-6.0.9.jar:6.0.9]
	at org.springframework.context.support.AbstractApplicationContext.finishBeanFactoryInitialization(AbstractApplicationContext.java:931) ~[spring-context-6.0.9.jar:6.0.9]
	at org.springframework.context.support.AbstractApplicationContext.refresh(AbstractApplicationContext.java:608) ~[spring-context-6.0.9.jar:6.0.9]
	at org.springframework.boot.web.servlet.context.ServletWebServerApplicationContext.refresh(ServletWebServerApplicationContext.java:146) ~[spring-boot-3.1.0.jar:3.1.0]
	at org.springframework.boot.SpringApplication.refresh(SpringApplication.java:733) ~[spring-boot-3.1.0.jar:3.1.0]
	at org.springframework.boot.SpringApplication.refreshContext(SpringApplication.java:435) ~[spring-boot-3.1.0.jar:3.1.0]
	at org.springframework.boot.SpringApplication.run(SpringApplication.java:311) ~[spring-boot-3.1.0.jar:3.1.0]
	at org.springframework.boot.SpringApplication.run(SpringApplication.java:1305) ~[spring-boot-3.1.0.jar:3.1.0]
	at org.springframework.boot.SpringApplication.run(SpringApplication.java:1294) ~[spring-boot-3.1.0.jar:3.1.0]
	at com.donateraja.ApplicationKt.main(Application.kt:13) ~[classes/:na]
Caused by: org.flywaydb.core.api.exception.FlywayValidateException: Validate failed: Migrations have failed validation
Migration checksum mismatch for migration version 1
-> Applied to database : -1620771613
-> Resolved locally    : 1212735103
Either revert the changes to the migration, or run repair to update the schema history.
Need more flexibility with validation rules? Learn more: https://rd.gt/3AbJUZE
	at org.flywaydb.core.Flyway.lambda$migrate$0(Flyway.java:146) ~[flyway-core-9.16.3.jar:na]
	at org.flywaydb.core.FlywayExecutor.execute(FlywayExecutor.java:196) ~[flyway-core-9.16.3.jar:na]
	at org.flywaydb.core.Flyway.migrate(Flyway.java:140) ~[flyway-core-9.16.3.jar:na]
	at org.springframework.boot.autoconfigure.flyway.FlywayMigrationInitializer.afterPropertiesSet(FlywayMigrationInitializer.java:66) ~[spring-boot-autoconfigure-3.1.0.jar:3.1.0]
	at org.springframework.beans.factory.support.AbstractAutowireCapableBeanFactory.invokeInitMethods(AbstractAutowireCapableBeanFactory.java:1816) ~[spring-beans-6.0.9.jar:6.0.9]
	at org.springframework.beans.factory.support.AbstractAutowireCapableBeanFactory.initializeBean(AbstractAutowireCapableBeanFactory.java:1766) ~[spring-beans-6.0.9.jar:6.0.9]
	... 18 common frames omitted

2025-01-17T14:43:35.177+05:30  INFO 2092 --- [main] com.donateraja.ApplicationKt             : Starting ApplicationKt using Java 17.0.13 with PID 2092 (D:\rabbani-dr\donateraja\out\production\classes started by HAI in D:\rabbani-dr\donateraja)
2025-01-17T14:43:35.182+05:30  INFO 2092 --- [main] com.donateraja.ApplicationKt             : No active profile set, falling back to 1 default profile: "default"
2025-01-17T14:43:37.243+05:30  INFO 2092 --- [main] .s.d.r.c.RepositoryConfigurationDelegate : Bootstrapping Spring Data JPA repositories in DEFAULT mode.
2025-01-17T14:43:37.652+05:30  INFO 2092 --- [main] .s.d.r.c.RepositoryConfigurationDelegate : Finished Spring Data repository scanning in 15 ms. Found 0 JPA repository interfaces.
2025-01-17T14:43:38.533+05:30  INFO 2092 --- [main] o.s.b.w.embedded.tomcat.TomcatWebServer  : Tomcat initialized with port(s): 8080 (http)
2025-01-17T14:43:38.548+05:30  INFO 2092 --- [main] o.apache.catalina.core.StandardService   : Starting service [Tomcat]
2025-01-17T14:43:38.548+05:30  INFO 2092 --- [main] o.apache.catalina.core.StandardEngine    : Starting Servlet engine: [Apache Tomcat/10.1.8]
2025-01-17T14:43:38.804+05:30  INFO 2092 --- [main] o.a.c.c.C.[Tomcat].[localhost].[/]       : Initializing Spring embedded WebApplicationContext
2025-01-17T14:43:38.805+05:30  INFO 2092 --- [main] w.s.c.ServletWebServerApplicationContext : Root WebApplicationContext: initialization completed in 3538 ms
2025-01-17T14:43:39.169+05:30  INFO 2092 --- [main] o.f.c.internal.license.VersionPrinter    : Flyway Community Edition 9.16.3 by Redgate
2025-01-17T14:43:39.170+05:30  INFO 2092 --- [main] o.f.c.internal.license.VersionPrinter    : See release notes here: https://rd.gt/416ObMi
2025-01-17T14:43:39.171+05:30  INFO 2092 --- [main] o.f.c.internal.license.VersionPrinter    : 
2025-01-17T14:43:39.183+05:30  INFO 2092 --- [main] com.zaxxer.hikari.HikariDataSource       : HikariPool-1 - Starting...
2025-01-17T14:43:40.572+05:30  INFO 2092 --- [main] com.zaxxer.hikari.pool.HikariPool        : HikariPool-1 - Added connection org.postgresql.jdbc.PgConnection@299eca90
2025-01-17T14:43:40.577+05:30  INFO 2092 --- [main] com.zaxxer.hikari.HikariDataSource       : HikariPool-1 - Start completed.
2025-01-17T14:43:40.691+05:30  INFO 2092 --- [main] o.f.c.i.database.base.BaseDatabaseType   : Database: jdbc:postgresql://ep-tiny-forest-a17k2xt8.ap-southeast-1.aws.neon.tech:5432/donateraja (PostgreSQL 16.6)
2025-01-17T14:43:41.292+05:30  WARN 2092 --- [main] o.f.c.internal.database.base.Database    : Flyway upgrade recommended: PostgreSQL 16.6 is newer than this version of Flyway and support has not been tested. The latest supported version of PostgreSQL is 15.
2025-01-17T14:43:41.557+05:30  INFO 2092 --- [main] o.f.c.i.s.JdbcTableSchemaHistory         : Schema history table "public"."flyway_schema_history" does not exist yet
2025-01-17T14:43:41.653+05:30  INFO 2092 --- [main] o.f.core.internal.command.DbValidate     : Successfully validated 1 migration (execution time 00:00.270s)
2025-01-17T14:43:42.414+05:30  INFO 2092 --- [main] o.f.c.i.s.JdbcTableSchemaHistory         : Creating Schema History table "public"."flyway_schema_history" ...
2025-01-17T14:43:43.638+05:30  INFO 2092 --- [main] o.f.core.internal.command.DbMigrate      : Current version of schema "public": << Empty Schema >>
2025-01-17T14:43:43.911+05:30  INFO 2092 --- [main] o.f.core.internal.command.DbMigrate      : Migrating schema "public" to version "1 - initial setup"
2025-01-17T14:43:44.163+05:30 ERROR 2092 --- [main] o.f.core.internal.command.DbMigrate      : Migration of schema "public" to version "1 - initial setup" failed! Changes successfully rolled back.
2025-01-17T14:43:44.707+05:30  WARN 2092 --- [main] ConfigServletWebServerApplicationContext : Exception encountered during context initialization - cancelling refresh attempt: org.springframework.beans.factory.BeanCreationException: Error creating bean with name 'flywayInitializer' defined in class path resource [org/springframework/boot/autoconfigure/flyway/FlywayAutoConfiguration$FlywayConfiguration.class]: Migration V1__initial_setup.sql failed
--------------------------------------
SQL State  : 42601
Error Code : 0
Message    : ERROR: syntax error at or near "ON"
  Position: 1807
Location   : db/migration/V1__initial_setup.sql (D:\rabbani-dr\donateraja\out\production\resources\db\migration\V1__initial_setup.sql)
Line       : 7
Statement  : -- ==========================
-- Migration Version: V1
-- Description: Full schema with indexes for optimized performance
-- ==========================

-- CREATE USERS TABLE
CREATE TABLE IF NOT EXISTS users (
    user_id BIGSERIAL PRIMARY KEY,                       -- Unique ID for each user
    username VARCHAR(50) NOT NULL UNIQUE,                -- Unique username for login
    email VARCHAR(100) NOT NULL UNIQUE,                  -- Unique email for communication/login
    phone_number VARCHAR(15) UNIQUE,                     -- Unique phone number (optional)
    password VARCHAR(255) NOT NULL,                      -- Hashed password
    first_name VARCHAR(100),                             -- First name of the user
    last_name VARCHAR(100),                              -- Last name of the user
    profile_picture TEXT,                                -- URL or path to profile picture
    address TEXT,                                        -- Full address of the user
    pin_code VARCHAR(20),                                -- ZIP or postal code
    role VARCHAR(20) DEFAULT 'USER',                     -- Role for user access levels (e.g., USER, ADMIN)
    status VARCHAR(20) DEFAULT 'ACTIVE',                 -- Account status (ACTIVE, INACTIVE, BLOCKED)
    is_email_verified BOOLEAN DEFAULT FALSE,             -- Whether email is verified
    is_phone_verified BOOLEAN DEFAULT FALSE,             -- Whether phone number is verified
    verification_code VARCHAR(6),                        -- Temporary verification code (email/phone)
    verification_expires TIMESTAMP,                      -- Expiry for verification code
    created_at TIMESTAMP DEFAULT CURRENT_TIMESTAMP,      -- When the user was created
    updated_at TIMESTAMP DEFAULT CURRENT_TIMESTAMP ON UPDATE CURRENT_TIMESTAMP,  -- Last update timestamp
    last_login_at TIMESTAMP                              -- Last login timestamp
)

2025-01-17T14:43:44.708+05:30  INFO 2092 --- [main] com.zaxxer.hikari.HikariDataSource       : HikariPool-1 - Shutdown initiated...
2025-01-17T14:43:45.345+05:30  INFO 2092 --- [main] com.zaxxer.hikari.HikariDataSource       : HikariPool-1 - Shutdown completed.
2025-01-17T14:43:45.359+05:30  INFO 2092 --- [main] o.apache.catalina.core.StandardService   : Stopping service [Tomcat]
2025-01-17T14:43:45.396+05:30  INFO 2092 --- [main] .s.b.a.l.ConditionEvaluationReportLogger : 

Error starting ApplicationContext. To display the condition evaluation report re-run your application with 'debug' enabled.
2025-01-17T14:43:45.418+05:30 ERROR 2092 --- [main] o.s.boot.SpringApplication               : Application run failed

org.springframework.beans.factory.BeanCreationException: Error creating bean with name 'flywayInitializer' defined in class path resource [org/springframework/boot/autoconfigure/flyway/FlywayAutoConfiguration$FlywayConfiguration.class]: Migration V1__initial_setup.sql failed
--------------------------------------
SQL State  : 42601
Error Code : 0
Message    : ERROR: syntax error at or near "ON"
  Position: 1807
Location   : db/migration/V1__initial_setup.sql (D:\rabbani-dr\donateraja\out\production\resources\db\migration\V1__initial_setup.sql)
Line       : 7
Statement  : -- ==========================
-- Migration Version: V1
-- Description: Full schema with indexes for optimized performance
-- ==========================

-- CREATE USERS TABLE
CREATE TABLE IF NOT EXISTS users (
    user_id BIGSERIAL PRIMARY KEY,                       -- Unique ID for each user
    username VARCHAR(50) NOT NULL UNIQUE,                -- Unique username for login
    email VARCHAR(100) NOT NULL UNIQUE,                  -- Unique email for communication/login
    phone_number VARCHAR(15) UNIQUE,                     -- Unique phone number (optional)
    password VARCHAR(255) NOT NULL,                      -- Hashed password
    first_name VARCHAR(100),                             -- First name of the user
    last_name VARCHAR(100),                              -- Last name of the user
    profile_picture TEXT,                                -- URL or path to profile picture
    address TEXT,                                        -- Full address of the user
    pin_code VARCHAR(20),                                -- ZIP or postal code
    role VARCHAR(20) DEFAULT 'USER',                     -- Role for user access levels (e.g., USER, ADMIN)
    status VARCHAR(20) DEFAULT 'ACTIVE',                 -- Account status (ACTIVE, INACTIVE, BLOCKED)
    is_email_verified BOOLEAN DEFAULT FALSE,             -- Whether email is verified
    is_phone_verified BOOLEAN DEFAULT FALSE,             -- Whether phone number is verified
    verification_code VARCHAR(6),                        -- Temporary verification code (email/phone)
    verification_expires TIMESTAMP,                      -- Expiry for verification code
    created_at TIMESTAMP DEFAULT CURRENT_TIMESTAMP,      -- When the user was created
    updated_at TIMESTAMP DEFAULT CURRENT_TIMESTAMP ON UPDATE CURRENT_TIMESTAMP,  -- Last update timestamp
    last_login_at TIMESTAMP                              -- Last login timestamp
)

	at org.springframework.beans.factory.support.AbstractAutowireCapableBeanFactory.initializeBean(AbstractAutowireCapableBeanFactory.java:1770) ~[spring-beans-6.0.9.jar:6.0.9]
	at org.springframework.beans.factory.support.AbstractAutowireCapableBeanFactory.doCreateBean(AbstractAutowireCapableBeanFactory.java:598) ~[spring-beans-6.0.9.jar:6.0.9]
	at org.springframework.beans.factory.support.AbstractAutowireCapableBeanFactory.createBean(AbstractAutowireCapableBeanFactory.java:520) ~[spring-beans-6.0.9.jar:6.0.9]
	at org.springframework.beans.factory.support.AbstractBeanFactory.lambda$doGetBean$0(AbstractBeanFactory.java:326) ~[spring-beans-6.0.9.jar:6.0.9]
	at org.springframework.beans.factory.support.DefaultSingletonBeanRegistry.getSingleton(DefaultSingletonBeanRegistry.java:234) ~[spring-beans-6.0.9.jar:6.0.9]
	at org.springframework.beans.factory.support.AbstractBeanFactory.doGetBean(AbstractBeanFactory.java:324) ~[spring-beans-6.0.9.jar:6.0.9]
	at org.springframework.beans.factory.support.AbstractBeanFactory.getBean(AbstractBeanFactory.java:200) ~[spring-beans-6.0.9.jar:6.0.9]
	at org.springframework.beans.factory.support.AbstractBeanFactory.doGetBean(AbstractBeanFactory.java:313) ~[spring-beans-6.0.9.jar:6.0.9]
	at org.springframework.beans.factory.support.AbstractBeanFactory.getBean(AbstractBeanFactory.java:200) ~[spring-beans-6.0.9.jar:6.0.9]
	at org.springframework.context.support.AbstractApplicationContext.getBean(AbstractApplicationContext.java:1156) ~[spring-context-6.0.9.jar:6.0.9]
	at org.springframework.context.support.AbstractApplicationContext.finishBeanFactoryInitialization(AbstractApplicationContext.java:931) ~[spring-context-6.0.9.jar:6.0.9]
	at org.springframework.context.support.AbstractApplicationContext.refresh(AbstractApplicationContext.java:608) ~[spring-context-6.0.9.jar:6.0.9]
	at org.springframework.boot.web.servlet.context.ServletWebServerApplicationContext.refresh(ServletWebServerApplicationContext.java:146) ~[spring-boot-3.1.0.jar:3.1.0]
	at org.springframework.boot.SpringApplication.refresh(SpringApplication.java:733) ~[spring-boot-3.1.0.jar:3.1.0]
	at org.springframework.boot.SpringApplication.refreshContext(SpringApplication.java:435) ~[spring-boot-3.1.0.jar:3.1.0]
	at org.springframework.boot.SpringApplication.run(SpringApplication.java:311) ~[spring-boot-3.1.0.jar:3.1.0]
	at org.springframework.boot.SpringApplication.run(SpringApplication.java:1305) ~[spring-boot-3.1.0.jar:3.1.0]
	at org.springframework.boot.SpringApplication.run(SpringApplication.java:1294) ~[spring-boot-3.1.0.jar:3.1.0]
	at com.donateraja.ApplicationKt.main(Application.kt:13) ~[classes/:na]
Caused by: org.flywaydb.core.internal.command.DbMigrate$FlywayMigrateException: Migration V1__initial_setup.sql failed
--------------------------------------
SQL State  : 42601
Error Code : 0
Message    : ERROR: syntax error at or near "ON"
  Position: 1807
Location   : db/migration/V1__initial_setup.sql (D:\rabbani-dr\donateraja\out\production\resources\db\migration\V1__initial_setup.sql)
Line       : 7
Statement  : -- ==========================
-- Migration Version: V1
-- Description: Full schema with indexes for optimized performance
-- ==========================

-- CREATE USERS TABLE
CREATE TABLE IF NOT EXISTS users (
    user_id BIGSERIAL PRIMARY KEY,                       -- Unique ID for each user
    username VARCHAR(50) NOT NULL UNIQUE,                -- Unique username for login
    email VARCHAR(100) NOT NULL UNIQUE,                  -- Unique email for communication/login
    phone_number VARCHAR(15) UNIQUE,                     -- Unique phone number (optional)
    password VARCHAR(255) NOT NULL,                      -- Hashed password
    first_name VARCHAR(100),                             -- First name of the user
    last_name VARCHAR(100),                              -- Last name of the user
    profile_picture TEXT,                                -- URL or path to profile picture
    address TEXT,                                        -- Full address of the user
    pin_code VARCHAR(20),                                -- ZIP or postal code
    role VARCHAR(20) DEFAULT 'USER',                     -- Role for user access levels (e.g., USER, ADMIN)
    status VARCHAR(20) DEFAULT 'ACTIVE',                 -- Account status (ACTIVE, INACTIVE, BLOCKED)
    is_email_verified BOOLEAN DEFAULT FALSE,             -- Whether email is verified
    is_phone_verified BOOLEAN DEFAULT FALSE,             -- Whether phone number is verified
    verification_code VARCHAR(6),                        -- Temporary verification code (email/phone)
    verification_expires TIMESTAMP,                      -- Expiry for verification code
    created_at TIMESTAMP DEFAULT CURRENT_TIMESTAMP,      -- When the user was created
    updated_at TIMESTAMP DEFAULT CURRENT_TIMESTAMP ON UPDATE CURRENT_TIMESTAMP,  -- Last update timestamp
    last_login_at TIMESTAMP                              -- Last login timestamp
)

	at org.flywaydb.core.internal.command.DbMigrate.doMigrateGroup(DbMigrate.java:384) ~[flyway-core-9.16.3.jar:na]
	at org.flywaydb.core.internal.command.DbMigrate.lambda$applyMigrations$1(DbMigrate.java:274) ~[flyway-core-9.16.3.jar:na]
	at org.flywaydb.core.internal.jdbc.TransactionalExecutionTemplate.execute(TransactionalExecutionTemplate.java:55) ~[flyway-core-9.16.3.jar:na]
	at org.flywaydb.core.internal.command.DbMigrate.applyMigrations(DbMigrate.java:273) ~[flyway-core-9.16.3.jar:na]
	at org.flywaydb.core.internal.command.DbMigrate.migrateGroup(DbMigrate.java:246) ~[flyway-core-9.16.3.jar:na]
	at org.flywaydb.core.internal.command.DbMigrate.lambda$migrateAll$0(DbMigrate.java:141) ~[flyway-core-9.16.3.jar:na]
	at org.flywaydb.core.internal.database.postgresql.PostgreSQLAdvisoryLockTemplate.execute(PostgreSQLAdvisoryLockTemplate.java:73) ~[flyway-core-9.16.3.jar:na]
	at org.flywaydb.core.internal.database.postgresql.PostgreSQLAdvisoryLockTemplate.lambda$execute$0(PostgreSQLAdvisoryLockTemplate.java:56) ~[flyway-core-9.16.3.jar:na]
	at org.flywaydb.core.internal.jdbc.TransactionalExecutionTemplate.execute(TransactionalExecutionTemplate.java:55) ~[flyway-core-9.16.3.jar:na]
	at org.flywaydb.core.internal.database.postgresql.PostgreSQLAdvisoryLockTemplate.execute(PostgreSQLAdvisoryLockTemplate.java:56) ~[flyway-core-9.16.3.jar:na]
	at org.flywaydb.core.internal.database.postgresql.PostgreSQLConnection.lock(PostgreSQLConnection.java:96) ~[flyway-core-9.16.3.jar:na]
	at org.flywaydb.core.internal.schemahistory.JdbcTableSchemaHistory.lock(JdbcTableSchemaHistory.java:144) ~[flyway-core-9.16.3.jar:na]
	at org.flywaydb.core.internal.command.DbMigrate.migrateAll(DbMigrate.java:141) ~[flyway-core-9.16.3.jar:na]
	at org.flywaydb.core.internal.command.DbMigrate.migrate(DbMigrate.java:98) ~[flyway-core-9.16.3.jar:na]
	at org.flywaydb.core.Flyway.lambda$migrate$0(Flyway.java:188) ~[flyway-core-9.16.3.jar:na]
	at org.flywaydb.core.FlywayExecutor.execute(FlywayExecutor.java:196) ~[flyway-core-9.16.3.jar:na]
	at org.flywaydb.core.Flyway.migrate(Flyway.java:140) ~[flyway-core-9.16.3.jar:na]
	at org.springframework.boot.autoconfigure.flyway.FlywayMigrationInitializer.afterPropertiesSet(FlywayMigrationInitializer.java:66) ~[spring-boot-autoconfigure-3.1.0.jar:3.1.0]
	at org.springframework.beans.factory.support.AbstractAutowireCapableBeanFactory.invokeInitMethods(AbstractAutowireCapableBeanFactory.java:1816) ~[spring-beans-6.0.9.jar:6.0.9]
	at org.springframework.beans.factory.support.AbstractAutowireCapableBeanFactory.initializeBean(AbstractAutowireCapableBeanFactory.java:1766) ~[spring-beans-6.0.9.jar:6.0.9]
	... 18 common frames omitted
Caused by: org.flywaydb.core.internal.sqlscript.FlywaySqlScriptException: Migration V1__initial_setup.sql failed
--------------------------------------
SQL State  : 42601
Error Code : 0
Message    : ERROR: syntax error at or near "ON"
  Position: 1807
Location   : db/migration/V1__initial_setup.sql (D:\rabbani-dr\donateraja\out\production\resources\db\migration\V1__initial_setup.sql)
Line       : 7
Statement  : -- ==========================
-- Migration Version: V1
-- Description: Full schema with indexes for optimized performance
-- ==========================

-- CREATE USERS TABLE
CREATE TABLE IF NOT EXISTS users (
    user_id BIGSERIAL PRIMARY KEY,                       -- Unique ID for each user
    username VARCHAR(50) NOT NULL UNIQUE,                -- Unique username for login
    email VARCHAR(100) NOT NULL UNIQUE,                  -- Unique email for communication/login
    phone_number VARCHAR(15) UNIQUE,                     -- Unique phone number (optional)
    password VARCHAR(255) NOT NULL,                      -- Hashed password
    first_name VARCHAR(100),                             -- First name of the user
    last_name VARCHAR(100),                              -- Last name of the user
    profile_picture TEXT,                                -- URL or path to profile picture
    address TEXT,                                        -- Full address of the user
    pin_code VARCHAR(20),                                -- ZIP or postal code
    role VARCHAR(20) DEFAULT 'USER',                     -- Role for user access levels (e.g., USER, ADMIN)
    status VARCHAR(20) DEFAULT 'ACTIVE',                 -- Account status (ACTIVE, INACTIVE, BLOCKED)
    is_email_verified BOOLEAN DEFAULT FALSE,             -- Whether email is verified
    is_phone_verified BOOLEAN DEFAULT FALSE,             -- Whether phone number is verified
    verification_code VARCHAR(6),                        -- Temporary verification code (email/phone)
    verification_expires TIMESTAMP,                      -- Expiry for verification code
    created_at TIMESTAMP DEFAULT CURRENT_TIMESTAMP,      -- When the user was created
    updated_at TIMESTAMP DEFAULT CURRENT_TIMESTAMP ON UPDATE CURRENT_TIMESTAMP,  -- Last update timestamp
    last_login_at TIMESTAMP                              -- Last login timestamp
)

	at org.flywaydb.core.internal.sqlscript.DefaultSqlScriptExecutor.handleException(DefaultSqlScriptExecutor.java:275) ~[flyway-core-9.16.3.jar:na]
	at org.flywaydb.core.internal.sqlscript.DefaultSqlScriptExecutor.executeStatement(DefaultSqlScriptExecutor.java:222) ~[flyway-core-9.16.3.jar:na]
	at org.flywaydb.core.internal.sqlscript.DefaultSqlScriptExecutor.execute(DefaultSqlScriptExecutor.java:126) ~[flyway-core-9.16.3.jar:na]
	at org.flywaydb.core.internal.resolver.sql.SqlMigrationExecutor.executeOnce(SqlMigrationExecutor.java:68) ~[flyway-core-9.16.3.jar:na]
	at org.flywaydb.core.internal.resolver.sql.SqlMigrationExecutor.lambda$execute$0(SqlMigrationExecutor.java:57) ~[flyway-core-9.16.3.jar:na]
	at org.flywaydb.core.internal.database.DefaultExecutionStrategy.execute(DefaultExecutionStrategy.java:27) ~[flyway-core-9.16.3.jar:na]
	at org.flywaydb.core.internal.resolver.sql.SqlMigrationExecutor.execute(SqlMigrationExecutor.java:56) ~[flyway-core-9.16.3.jar:na]
	at org.flywaydb.core.internal.command.DbMigrate.doMigrateGroup(DbMigrate.java:376) ~[flyway-core-9.16.3.jar:na]
	... 37 common frames omitted
Caused by: org.postgresql.util.PSQLException: ERROR: syntax error at or near "ON"
  Position: 1807
	at org.postgresql.core.v3.QueryExecutorImpl.receiveErrorResponse(QueryExecutorImpl.java:2713) ~[postgresql-42.6.0.jar:42.6.0]
	at org.postgresql.core.v3.QueryExecutorImpl.processResults(QueryExecutorImpl.java:2401) ~[postgresql-42.6.0.jar:42.6.0]
	at org.postgresql.core.v3.QueryExecutorImpl.execute(QueryExecutorImpl.java:368) ~[postgresql-42.6.0.jar:42.6.0]
	at org.postgresql.jdbc.PgStatement.executeInternal(PgStatement.java:498) ~[postgresql-42.6.0.jar:42.6.0]
	at org.postgresql.jdbc.PgStatement.execute(PgStatement.java:415) ~[postgresql-42.6.0.jar:42.6.0]
	at org.postgresql.jdbc.PgStatement.executeWithFlags(PgStatement.java:335) ~[postgresql-42.6.0.jar:42.6.0]
	at org.postgresql.jdbc.PgStatement.executeCachedSql(PgStatement.java:321) ~[postgresql-42.6.0.jar:42.6.0]
	at org.postgresql.jdbc.PgStatement.executeWithFlags(PgStatement.java:297) ~[postgresql-42.6.0.jar:42.6.0]
	at org.postgresql.jdbc.PgStatement.execute(PgStatement.java:292) ~[postgresql-42.6.0.jar:42.6.0]
	at com.zaxxer.hikari.pool.ProxyStatement.execute(ProxyStatement.java:94) ~[HikariCP-5.0.1.jar:na]
	at com.zaxxer.hikari.pool.HikariProxyStatement.execute(HikariProxyStatement.java) ~[HikariCP-5.0.1.jar:na]
	at org.flywaydb.core.internal.jdbc.JdbcTemplate.executeStatement(JdbcTemplate.java:201) ~[flyway-core-9.16.3.jar:na]
	at org.flywaydb.core.internal.sqlscript.ParsedSqlStatement.execute(ParsedSqlStatement.java:95) ~[flyway-core-9.16.3.jar:na]
	at org.flywaydb.core.internal.sqlscript.DefaultSqlScriptExecutor.executeStatement(DefaultSqlScriptExecutor.java:210) ~[flyway-core-9.16.3.jar:na]
	... 43 common frames omitted

2025-01-17T15:09:10.844+05:30  INFO 2356 --- [main] com.donateraja.ApplicationKt             : Starting ApplicationKt using Java 17.0.13 with PID 2356 (D:\rabbani-dr\donateraja\out\production\classes started by HAI in D:\rabbani-dr\donateraja)
2025-01-17T15:09:10.848+05:30  INFO 2356 --- [main] com.donateraja.ApplicationKt             : No active profile set, falling back to 1 default profile: "default"
2025-01-17T15:09:16.257+05:30  INFO 2356 --- [main] .s.d.r.c.RepositoryConfigurationDelegate : Bootstrapping Spring Data JPA repositories in DEFAULT mode.
2025-01-17T15:09:16.373+05:30  INFO 2356 --- [main] .s.d.r.c.RepositoryConfigurationDelegate : Finished Spring Data repository scanning in 26 ms. Found 0 JPA repository interfaces.
2025-01-17T15:09:18.392+05:30  INFO 2356 --- [main] o.s.b.w.embedded.tomcat.TomcatWebServer  : Tomcat initialized with port(s): 8080 (http)
2025-01-17T15:09:18.409+05:30  INFO 2356 --- [main] o.apache.catalina.core.StandardService   : Starting service [Tomcat]
2025-01-17T15:09:18.409+05:30  INFO 2356 --- [main] o.apache.catalina.core.StandardEngine    : Starting Servlet engine: [Apache Tomcat/10.1.8]
2025-01-17T15:09:18.676+05:30  INFO 2356 --- [main] o.a.c.c.C.[Tomcat].[localhost].[/]       : Initializing Spring embedded WebApplicationContext
2025-01-17T15:09:18.676+05:30  INFO 2356 --- [main] w.s.c.ServletWebServerApplicationContext : Root WebApplicationContext: initialization completed in 7659 ms
2025-01-17T15:09:19.345+05:30  INFO 2356 --- [main] o.f.c.internal.license.VersionPrinter    : Flyway Community Edition 9.16.3 by Redgate
2025-01-17T15:09:19.346+05:30  INFO 2356 --- [main] o.f.c.internal.license.VersionPrinter    : See release notes here: https://rd.gt/416ObMi
2025-01-17T15:09:19.347+05:30  INFO 2356 --- [main] o.f.c.internal.license.VersionPrinter    : 
2025-01-17T15:09:19.372+05:30  INFO 2356 --- [main] com.zaxxer.hikari.HikariDataSource       : HikariPool-1 - Starting...
2025-01-17T15:09:21.581+05:30  INFO 2356 --- [main] com.zaxxer.hikari.pool.HikariPool        : HikariPool-1 - Added connection org.postgresql.jdbc.PgConnection@44a14de0
2025-01-17T15:09:21.585+05:30  INFO 2356 --- [main] com.zaxxer.hikari.HikariDataSource       : HikariPool-1 - Start completed.
2025-01-17T15:09:21.690+05:30  INFO 2356 --- [main] o.f.c.i.database.base.BaseDatabaseType   : Database: jdbc:postgresql://ep-tiny-forest-a17k2xt8.ap-southeast-1.aws.neon.tech:5432/donateraja (PostgreSQL 16.6)
2025-01-17T15:09:22.189+05:30  WARN 2356 --- [main] o.f.c.internal.database.base.Database    : Flyway upgrade recommended: PostgreSQL 16.6 is newer than this version of Flyway and support has not been tested. The latest supported version of PostgreSQL is 15.
2025-01-17T15:09:22.615+05:30  INFO 2356 --- [main] o.f.core.internal.command.DbValidate     : Successfully validated 1 migration (execution time 00:00.310s)
2025-01-17T15:09:23.424+05:30  INFO 2356 --- [main] o.f.core.internal.command.DbMigrate      : Current version of schema "public": << Empty Schema >>
2025-01-17T15:09:23.751+05:30  INFO 2356 --- [main] o.f.core.internal.command.DbMigrate      : Migrating schema "public" to version "1 - initial setup"
2025-01-17T15:09:24.004+05:30 ERROR 2356 --- [main] o.f.core.internal.command.DbMigrate      : Migration of schema "public" to version "1 - initial setup" failed! Changes successfully rolled back.
2025-01-17T15:09:24.519+05:30  WARN 2356 --- [main] ConfigServletWebServerApplicationContext : Exception encountered during context initialization - cancelling refresh attempt: org.springframework.beans.factory.BeanCreationException: Error creating bean with name 'flywayInitializer' defined in class path resource [org/springframework/boot/autoconfigure/flyway/FlywayAutoConfiguration$FlywayConfiguration.class]: Migration V1__initial_setup.sql failed
--------------------------------------
SQL State  : 42601
Error Code : 0
Message    : ERROR: syntax error at or near "ON"
  Position: 1807
Location   : db/migration/V1__initial_setup.sql (D:\rabbani-dr\donateraja\out\production\resources\db\migration\V1__initial_setup.sql)
Line       : 7
Statement  : -- ==========================
-- Migration Version: V1
-- Description: Full schema with indexes for optimized performance
-- ==========================

-- CREATE USERS TABLE
CREATE TABLE IF NOT EXISTS users (
    user_id BIGSERIAL PRIMARY KEY,                       -- Unique ID for each user
    username VARCHAR(50) NOT NULL UNIQUE,                -- Unique username for login
    email VARCHAR(100) NOT NULL UNIQUE,                  -- Unique email for communication/login
    phone_number VARCHAR(15) UNIQUE,                     -- Unique phone number (optional)
    password VARCHAR(255) NOT NULL,                      -- Hashed password
    first_name VARCHAR(100),                             -- First name of the user
    last_name VARCHAR(100),                              -- Last name of the user
    profile_picture TEXT,                                -- URL or path to profile picture
    address TEXT,                                        -- Full address of the user
    pin_code VARCHAR(20),                                -- ZIP or postal code
    role VARCHAR(20) DEFAULT 'USER',                     -- Role for user access levels (e.g., USER, ADMIN)
    status VARCHAR(20) DEFAULT 'ACTIVE',                 -- Account status (ACTIVE, INACTIVE, BLOCKED)
    is_email_verified BOOLEAN DEFAULT FALSE,             -- Whether email is verified
    is_phone_verified BOOLEAN DEFAULT FALSE,             -- Whether phone number is verified
    verification_code VARCHAR(6),                        -- Temporary verification code (email/phone)
    verification_expires TIMESTAMP,                      -- Expiry for verification code
    created_at TIMESTAMP DEFAULT CURRENT_TIMESTAMP,      -- When the user was created
    updated_at TIMESTAMP DEFAULT CURRENT_TIMESTAMP ON UPDATE CURRENT_TIMESTAMP,  -- Last update timestamp
    last_login_at TIMESTAMP                              -- Last login timestamp
)

2025-01-17T15:09:24.521+05:30  INFO 2356 --- [main] com.zaxxer.hikari.HikariDataSource       : HikariPool-1 - Shutdown initiated...
2025-01-17T15:09:24.914+05:30  INFO 2356 --- [main] com.zaxxer.hikari.HikariDataSource       : HikariPool-1 - Shutdown completed.
2025-01-17T15:09:24.919+05:30  INFO 2356 --- [main] o.apache.catalina.core.StandardService   : Stopping service [Tomcat]
2025-01-17T15:09:24.950+05:30  INFO 2356 --- [main] .s.b.a.l.ConditionEvaluationReportLogger : 

Error starting ApplicationContext. To display the condition evaluation report re-run your application with 'debug' enabled.
2025-01-17T15:09:24.977+05:30 ERROR 2356 --- [main] o.s.boot.SpringApplication               : Application run failed

org.springframework.beans.factory.BeanCreationException: Error creating bean with name 'flywayInitializer' defined in class path resource [org/springframework/boot/autoconfigure/flyway/FlywayAutoConfiguration$FlywayConfiguration.class]: Migration V1__initial_setup.sql failed
--------------------------------------
SQL State  : 42601
Error Code : 0
Message    : ERROR: syntax error at or near "ON"
  Position: 1807
Location   : db/migration/V1__initial_setup.sql (D:\rabbani-dr\donateraja\out\production\resources\db\migration\V1__initial_setup.sql)
Line       : 7
Statement  : -- ==========================
-- Migration Version: V1
-- Description: Full schema with indexes for optimized performance
-- ==========================

-- CREATE USERS TABLE
CREATE TABLE IF NOT EXISTS users (
    user_id BIGSERIAL PRIMARY KEY,                       -- Unique ID for each user
    username VARCHAR(50) NOT NULL UNIQUE,                -- Unique username for login
    email VARCHAR(100) NOT NULL UNIQUE,                  -- Unique email for communication/login
    phone_number VARCHAR(15) UNIQUE,                     -- Unique phone number (optional)
    password VARCHAR(255) NOT NULL,                      -- Hashed password
    first_name VARCHAR(100),                             -- First name of the user
    last_name VARCHAR(100),                              -- Last name of the user
    profile_picture TEXT,                                -- URL or path to profile picture
    address TEXT,                                        -- Full address of the user
    pin_code VARCHAR(20),                                -- ZIP or postal code
    role VARCHAR(20) DEFAULT 'USER',                     -- Role for user access levels (e.g., USER, ADMIN)
    status VARCHAR(20) DEFAULT 'ACTIVE',                 -- Account status (ACTIVE, INACTIVE, BLOCKED)
    is_email_verified BOOLEAN DEFAULT FALSE,             -- Whether email is verified
    is_phone_verified BOOLEAN DEFAULT FALSE,             -- Whether phone number is verified
    verification_code VARCHAR(6),                        -- Temporary verification code (email/phone)
    verification_expires TIMESTAMP,                      -- Expiry for verification code
    created_at TIMESTAMP DEFAULT CURRENT_TIMESTAMP,      -- When the user was created
    updated_at TIMESTAMP DEFAULT CURRENT_TIMESTAMP ON UPDATE CURRENT_TIMESTAMP,  -- Last update timestamp
    last_login_at TIMESTAMP                              -- Last login timestamp
)

	at org.springframework.beans.factory.support.AbstractAutowireCapableBeanFactory.initializeBean(AbstractAutowireCapableBeanFactory.java:1770) ~[spring-beans-6.0.9.jar:6.0.9]
	at org.springframework.beans.factory.support.AbstractAutowireCapableBeanFactory.doCreateBean(AbstractAutowireCapableBeanFactory.java:598) ~[spring-beans-6.0.9.jar:6.0.9]
	at org.springframework.beans.factory.support.AbstractAutowireCapableBeanFactory.createBean(AbstractAutowireCapableBeanFactory.java:520) ~[spring-beans-6.0.9.jar:6.0.9]
	at org.springframework.beans.factory.support.AbstractBeanFactory.lambda$doGetBean$0(AbstractBeanFactory.java:326) ~[spring-beans-6.0.9.jar:6.0.9]
	at org.springframework.beans.factory.support.DefaultSingletonBeanRegistry.getSingleton(DefaultSingletonBeanRegistry.java:234) ~[spring-beans-6.0.9.jar:6.0.9]
	at org.springframework.beans.factory.support.AbstractBeanFactory.doGetBean(AbstractBeanFactory.java:324) ~[spring-beans-6.0.9.jar:6.0.9]
	at org.springframework.beans.factory.support.AbstractBeanFactory.getBean(AbstractBeanFactory.java:200) ~[spring-beans-6.0.9.jar:6.0.9]
	at org.springframework.beans.factory.support.AbstractBeanFactory.doGetBean(AbstractBeanFactory.java:313) ~[spring-beans-6.0.9.jar:6.0.9]
	at org.springframework.beans.factory.support.AbstractBeanFactory.getBean(AbstractBeanFactory.java:200) ~[spring-beans-6.0.9.jar:6.0.9]
	at org.springframework.context.support.AbstractApplicationContext.getBean(AbstractApplicationContext.java:1156) ~[spring-context-6.0.9.jar:6.0.9]
	at org.springframework.context.support.AbstractApplicationContext.finishBeanFactoryInitialization(AbstractApplicationContext.java:931) ~[spring-context-6.0.9.jar:6.0.9]
	at org.springframework.context.support.AbstractApplicationContext.refresh(AbstractApplicationContext.java:608) ~[spring-context-6.0.9.jar:6.0.9]
	at org.springframework.boot.web.servlet.context.ServletWebServerApplicationContext.refresh(ServletWebServerApplicationContext.java:146) ~[spring-boot-3.1.0.jar:3.1.0]
	at org.springframework.boot.SpringApplication.refresh(SpringApplication.java:733) ~[spring-boot-3.1.0.jar:3.1.0]
	at org.springframework.boot.SpringApplication.refreshContext(SpringApplication.java:435) ~[spring-boot-3.1.0.jar:3.1.0]
	at org.springframework.boot.SpringApplication.run(SpringApplication.java:311) ~[spring-boot-3.1.0.jar:3.1.0]
	at org.springframework.boot.SpringApplication.run(SpringApplication.java:1305) ~[spring-boot-3.1.0.jar:3.1.0]
	at org.springframework.boot.SpringApplication.run(SpringApplication.java:1294) ~[spring-boot-3.1.0.jar:3.1.0]
	at com.donateraja.ApplicationKt.main(Application.kt:13) ~[classes/:na]
Caused by: org.flywaydb.core.internal.command.DbMigrate$FlywayMigrateException: Migration V1__initial_setup.sql failed
--------------------------------------
SQL State  : 42601
Error Code : 0
Message    : ERROR: syntax error at or near "ON"
  Position: 1807
Location   : db/migration/V1__initial_setup.sql (D:\rabbani-dr\donateraja\out\production\resources\db\migration\V1__initial_setup.sql)
Line       : 7
Statement  : -- ==========================
-- Migration Version: V1
-- Description: Full schema with indexes for optimized performance
-- ==========================

-- CREATE USERS TABLE
CREATE TABLE IF NOT EXISTS users (
    user_id BIGSERIAL PRIMARY KEY,                       -- Unique ID for each user
    username VARCHAR(50) NOT NULL UNIQUE,                -- Unique username for login
    email VARCHAR(100) NOT NULL UNIQUE,                  -- Unique email for communication/login
    phone_number VARCHAR(15) UNIQUE,                     -- Unique phone number (optional)
    password VARCHAR(255) NOT NULL,                      -- Hashed password
    first_name VARCHAR(100),                             -- First name of the user
    last_name VARCHAR(100),                              -- Last name of the user
    profile_picture TEXT,                                -- URL or path to profile picture
    address TEXT,                                        -- Full address of the user
    pin_code VARCHAR(20),                                -- ZIP or postal code
    role VARCHAR(20) DEFAULT 'USER',                     -- Role for user access levels (e.g., USER, ADMIN)
    status VARCHAR(20) DEFAULT 'ACTIVE',                 -- Account status (ACTIVE, INACTIVE, BLOCKED)
    is_email_verified BOOLEAN DEFAULT FALSE,             -- Whether email is verified
    is_phone_verified BOOLEAN DEFAULT FALSE,             -- Whether phone number is verified
    verification_code VARCHAR(6),                        -- Temporary verification code (email/phone)
    verification_expires TIMESTAMP,                      -- Expiry for verification code
    created_at TIMESTAMP DEFAULT CURRENT_TIMESTAMP,      -- When the user was created
    updated_at TIMESTAMP DEFAULT CURRENT_TIMESTAMP ON UPDATE CURRENT_TIMESTAMP,  -- Last update timestamp
    last_login_at TIMESTAMP                              -- Last login timestamp
)

	at org.flywaydb.core.internal.command.DbMigrate.doMigrateGroup(DbMigrate.java:384) ~[flyway-core-9.16.3.jar:na]
	at org.flywaydb.core.internal.command.DbMigrate.lambda$applyMigrations$1(DbMigrate.java:274) ~[flyway-core-9.16.3.jar:na]
	at org.flywaydb.core.internal.jdbc.TransactionalExecutionTemplate.execute(TransactionalExecutionTemplate.java:55) ~[flyway-core-9.16.3.jar:na]
	at org.flywaydb.core.internal.command.DbMigrate.applyMigrations(DbMigrate.java:273) ~[flyway-core-9.16.3.jar:na]
	at org.flywaydb.core.internal.command.DbMigrate.migrateGroup(DbMigrate.java:246) ~[flyway-core-9.16.3.jar:na]
	at org.flywaydb.core.internal.command.DbMigrate.lambda$migrateAll$0(DbMigrate.java:141) ~[flyway-core-9.16.3.jar:na]
	at org.flywaydb.core.internal.database.postgresql.PostgreSQLAdvisoryLockTemplate.execute(PostgreSQLAdvisoryLockTemplate.java:73) ~[flyway-core-9.16.3.jar:na]
	at org.flywaydb.core.internal.database.postgresql.PostgreSQLAdvisoryLockTemplate.lambda$execute$0(PostgreSQLAdvisoryLockTemplate.java:56) ~[flyway-core-9.16.3.jar:na]
	at org.flywaydb.core.internal.jdbc.TransactionalExecutionTemplate.execute(TransactionalExecutionTemplate.java:55) ~[flyway-core-9.16.3.jar:na]
	at org.flywaydb.core.internal.database.postgresql.PostgreSQLAdvisoryLockTemplate.execute(PostgreSQLAdvisoryLockTemplate.java:56) ~[flyway-core-9.16.3.jar:na]
	at org.flywaydb.core.internal.database.postgresql.PostgreSQLConnection.lock(PostgreSQLConnection.java:96) ~[flyway-core-9.16.3.jar:na]
	at org.flywaydb.core.internal.schemahistory.JdbcTableSchemaHistory.lock(JdbcTableSchemaHistory.java:144) ~[flyway-core-9.16.3.jar:na]
	at org.flywaydb.core.internal.command.DbMigrate.migrateAll(DbMigrate.java:141) ~[flyway-core-9.16.3.jar:na]
	at org.flywaydb.core.internal.command.DbMigrate.migrate(DbMigrate.java:98) ~[flyway-core-9.16.3.jar:na]
	at org.flywaydb.core.Flyway.lambda$migrate$0(Flyway.java:188) ~[flyway-core-9.16.3.jar:na]
	at org.flywaydb.core.FlywayExecutor.execute(FlywayExecutor.java:196) ~[flyway-core-9.16.3.jar:na]
	at org.flywaydb.core.Flyway.migrate(Flyway.java:140) ~[flyway-core-9.16.3.jar:na]
	at org.springframework.boot.autoconfigure.flyway.FlywayMigrationInitializer.afterPropertiesSet(FlywayMigrationInitializer.java:66) ~[spring-boot-autoconfigure-3.1.0.jar:3.1.0]
	at org.springframework.beans.factory.support.AbstractAutowireCapableBeanFactory.invokeInitMethods(AbstractAutowireCapableBeanFactory.java:1816) ~[spring-beans-6.0.9.jar:6.0.9]
	at org.springframework.beans.factory.support.AbstractAutowireCapableBeanFactory.initializeBean(AbstractAutowireCapableBeanFactory.java:1766) ~[spring-beans-6.0.9.jar:6.0.9]
	... 18 common frames omitted
Caused by: org.flywaydb.core.internal.sqlscript.FlywaySqlScriptException: Migration V1__initial_setup.sql failed
--------------------------------------
SQL State  : 42601
Error Code : 0
Message    : ERROR: syntax error at or near "ON"
  Position: 1807
Location   : db/migration/V1__initial_setup.sql (D:\rabbani-dr\donateraja\out\production\resources\db\migration\V1__initial_setup.sql)
Line       : 7
Statement  : -- ==========================
-- Migration Version: V1
-- Description: Full schema with indexes for optimized performance
-- ==========================

-- CREATE USERS TABLE
CREATE TABLE IF NOT EXISTS users (
    user_id BIGSERIAL PRIMARY KEY,                       -- Unique ID for each user
    username VARCHAR(50) NOT NULL UNIQUE,                -- Unique username for login
    email VARCHAR(100) NOT NULL UNIQUE,                  -- Unique email for communication/login
    phone_number VARCHAR(15) UNIQUE,                     -- Unique phone number (optional)
    password VARCHAR(255) NOT NULL,                      -- Hashed password
    first_name VARCHAR(100),                             -- First name of the user
    last_name VARCHAR(100),                              -- Last name of the user
    profile_picture TEXT,                                -- URL or path to profile picture
    address TEXT,                                        -- Full address of the user
    pin_code VARCHAR(20),                                -- ZIP or postal code
    role VARCHAR(20) DEFAULT 'USER',                     -- Role for user access levels (e.g., USER, ADMIN)
    status VARCHAR(20) DEFAULT 'ACTIVE',                 -- Account status (ACTIVE, INACTIVE, BLOCKED)
    is_email_verified BOOLEAN DEFAULT FALSE,             -- Whether email is verified
    is_phone_verified BOOLEAN DEFAULT FALSE,             -- Whether phone number is verified
    verification_code VARCHAR(6),                        -- Temporary verification code (email/phone)
    verification_expires TIMESTAMP,                      -- Expiry for verification code
    created_at TIMESTAMP DEFAULT CURRENT_TIMESTAMP,      -- When the user was created
    updated_at TIMESTAMP DEFAULT CURRENT_TIMESTAMP ON UPDATE CURRENT_TIMESTAMP,  -- Last update timestamp
    last_login_at TIMESTAMP                              -- Last login timestamp
)

	at org.flywaydb.core.internal.sqlscript.DefaultSqlScriptExecutor.handleException(DefaultSqlScriptExecutor.java:275) ~[flyway-core-9.16.3.jar:na]
	at org.flywaydb.core.internal.sqlscript.DefaultSqlScriptExecutor.executeStatement(DefaultSqlScriptExecutor.java:222) ~[flyway-core-9.16.3.jar:na]
	at org.flywaydb.core.internal.sqlscript.DefaultSqlScriptExecutor.execute(DefaultSqlScriptExecutor.java:126) ~[flyway-core-9.16.3.jar:na]
	at org.flywaydb.core.internal.resolver.sql.SqlMigrationExecutor.executeOnce(SqlMigrationExecutor.java:68) ~[flyway-core-9.16.3.jar:na]
	at org.flywaydb.core.internal.resolver.sql.SqlMigrationExecutor.lambda$execute$0(SqlMigrationExecutor.java:57) ~[flyway-core-9.16.3.jar:na]
	at org.flywaydb.core.internal.database.DefaultExecutionStrategy.execute(DefaultExecutionStrategy.java:27) ~[flyway-core-9.16.3.jar:na]
	at org.flywaydb.core.internal.resolver.sql.SqlMigrationExecutor.execute(SqlMigrationExecutor.java:56) ~[flyway-core-9.16.3.jar:na]
	at org.flywaydb.core.internal.command.DbMigrate.doMigrateGroup(DbMigrate.java:376) ~[flyway-core-9.16.3.jar:na]
	... 37 common frames omitted
Caused by: org.postgresql.util.PSQLException: ERROR: syntax error at or near "ON"
  Position: 1807
	at org.postgresql.core.v3.QueryExecutorImpl.receiveErrorResponse(QueryExecutorImpl.java:2713) ~[postgresql-42.6.0.jar:42.6.0]
	at org.postgresql.core.v3.QueryExecutorImpl.processResults(QueryExecutorImpl.java:2401) ~[postgresql-42.6.0.jar:42.6.0]
	at org.postgresql.core.v3.QueryExecutorImpl.execute(QueryExecutorImpl.java:368) ~[postgresql-42.6.0.jar:42.6.0]
	at org.postgresql.jdbc.PgStatement.executeInternal(PgStatement.java:498) ~[postgresql-42.6.0.jar:42.6.0]
	at org.postgresql.jdbc.PgStatement.execute(PgStatement.java:415) ~[postgresql-42.6.0.jar:42.6.0]
	at org.postgresql.jdbc.PgStatement.executeWithFlags(PgStatement.java:335) ~[postgresql-42.6.0.jar:42.6.0]
	at org.postgresql.jdbc.PgStatement.executeCachedSql(PgStatement.java:321) ~[postgresql-42.6.0.jar:42.6.0]
	at org.postgresql.jdbc.PgStatement.executeWithFlags(PgStatement.java:297) ~[postgresql-42.6.0.jar:42.6.0]
	at org.postgresql.jdbc.PgStatement.execute(PgStatement.java:292) ~[postgresql-42.6.0.jar:42.6.0]
	at com.zaxxer.hikari.pool.ProxyStatement.execute(ProxyStatement.java:94) ~[HikariCP-5.0.1.jar:na]
	at com.zaxxer.hikari.pool.HikariProxyStatement.execute(HikariProxyStatement.java) ~[HikariCP-5.0.1.jar:na]
	at org.flywaydb.core.internal.jdbc.JdbcTemplate.executeStatement(JdbcTemplate.java:201) ~[flyway-core-9.16.3.jar:na]
	at org.flywaydb.core.internal.sqlscript.ParsedSqlStatement.execute(ParsedSqlStatement.java:95) ~[flyway-core-9.16.3.jar:na]
	at org.flywaydb.core.internal.sqlscript.DefaultSqlScriptExecutor.executeStatement(DefaultSqlScriptExecutor.java:210) ~[flyway-core-9.16.3.jar:na]
	... 43 common frames omitted

2025-01-17T15:10:31.958+05:30  INFO 21628 --- [main] com.donateraja.ApplicationKt             : Starting ApplicationKt using Java 17.0.13 with PID 21628 (D:\rabbani-dr\donateraja\out\production\classes started by HAI in D:\rabbani-dr\donateraja)
2025-01-17T15:10:31.962+05:30  INFO 21628 --- [main] com.donateraja.ApplicationKt             : No active profile set, falling back to 1 default profile: "default"
2025-01-17T15:10:34.142+05:30  INFO 21628 --- [main] .s.d.r.c.RepositoryConfigurationDelegate : Bootstrapping Spring Data JPA repositories in DEFAULT mode.
2025-01-17T15:10:34.171+05:30  INFO 21628 --- [main] .s.d.r.c.RepositoryConfigurationDelegate : Finished Spring Data repository scanning in 16 ms. Found 0 JPA repository interfaces.
2025-01-17T15:10:35.114+05:30  INFO 21628 --- [main] o.s.b.w.embedded.tomcat.TomcatWebServer  : Tomcat initialized with port(s): 8080 (http)
2025-01-17T15:10:35.128+05:30  INFO 21628 --- [main] o.apache.catalina.core.StandardService   : Starting service [Tomcat]
2025-01-17T15:10:35.129+05:30  INFO 21628 --- [main] o.apache.catalina.core.StandardEngine    : Starting Servlet engine: [Apache Tomcat/10.1.8]
2025-01-17T15:10:35.324+05:30  INFO 21628 --- [main] o.a.c.c.C.[Tomcat].[localhost].[/]       : Initializing Spring embedded WebApplicationContext
2025-01-17T15:10:35.325+05:30  INFO 21628 --- [main] w.s.c.ServletWebServerApplicationContext : Root WebApplicationContext: initialization completed in 3266 ms
2025-01-17T15:10:35.730+05:30  INFO 21628 --- [main] o.f.c.internal.license.VersionPrinter    : Flyway Community Edition 9.16.3 by Redgate
2025-01-17T15:10:35.730+05:30  INFO 21628 --- [main] o.f.c.internal.license.VersionPrinter    : See release notes here: https://rd.gt/416ObMi
2025-01-17T15:10:35.730+05:30  INFO 21628 --- [main] o.f.c.internal.license.VersionPrinter    : 
2025-01-17T15:10:35.744+05:30  INFO 21628 --- [main] com.zaxxer.hikari.HikariDataSource       : HikariPool-1 - Starting...
2025-01-17T15:10:37.305+05:30  INFO 21628 --- [main] com.zaxxer.hikari.pool.HikariPool        : HikariPool-1 - Added connection org.postgresql.jdbc.PgConnection@7cbf4f8c
2025-01-17T15:10:37.308+05:30  INFO 21628 --- [main] com.zaxxer.hikari.HikariDataSource       : HikariPool-1 - Start completed.
2025-01-17T15:10:37.395+05:30  INFO 21628 --- [main] o.f.c.i.database.base.BaseDatabaseType   : Database: jdbc:postgresql://ep-tiny-forest-a17k2xt8.ap-southeast-1.aws.neon.tech:5432/donateraja (PostgreSQL 16.6)
2025-01-17T15:10:37.884+05:30  WARN 21628 --- [main] o.f.c.internal.database.base.Database    : Flyway upgrade recommended: PostgreSQL 16.6 is newer than this version of Flyway and support has not been tested. The latest supported version of PostgreSQL is 15.
2025-01-17T15:10:38.247+05:30  INFO 21628 --- [main] o.f.core.internal.command.DbValidate     : Successfully validated 1 migration (execution time 00:00.284s)
2025-01-17T15:10:39.005+05:30  INFO 21628 --- [main] o.f.core.internal.command.DbMigrate      : Current version of schema "public": << Empty Schema >>
2025-01-17T15:10:39.268+05:30  INFO 21628 --- [main] o.f.core.internal.command.DbMigrate      : Migrating schema "public" to version "1 - initial setup"
2025-01-17T15:10:43.555+05:30  INFO 21628 --- [main] o.f.core.internal.command.DbMigrate      : Successfully applied 1 migration to schema "public", now at version v1 (execution time 00:04.898s)
2025-01-17T15:10:44.091+05:30  INFO 21628 --- [main] o.hibernate.jpa.internal.util.LogHelper  : HHH000204: Processing PersistenceUnitInfo [name: default]
2025-01-17T15:10:44.181+05:30  INFO 21628 --- [main] org.hibernate.Version                    : HHH000412: Hibernate ORM core version 6.2.2.Final
2025-01-17T15:10:44.184+05:30  INFO 21628 --- [main] org.hibernate.cfg.Environment            : HHH000406: Using bytecode reflection optimizer
2025-01-17T15:10:44.416+05:30  INFO 21628 --- [main] o.h.b.i.BytecodeProviderInitiator        : HHH000021: Bytecode provider name : bytebuddy
2025-01-17T15:10:44.623+05:30  INFO 21628 --- [main] o.s.o.j.p.SpringPersistenceUnitInfo      : No LoadTimeWeaver setup: ignoring JPA class transformer
2025-01-17T15:10:44.830+05:30  INFO 21628 --- [main] org.hibernate.orm.dialect                : HHH035001: Using dialect: org.hibernate.dialect.PostgreSQLDialect, version: org.hibernate.engine.jdbc.env.internal.JdbcEnvironmentInitiator$DialectResolutionInfoImpl@28888124
2025-01-17T15:10:45.119+05:30  INFO 21628 --- [main] o.h.b.i.BytecodeProviderInitiator        : HHH000021: Bytecode provider name : bytebuddy
2025-01-17T15:10:45.385+05:30  INFO 21628 --- [main] o.h.e.t.j.p.i.JtaPlatformInitiator       : HHH000490: Using JtaPlatform implementation: [org.hibernate.engine.transaction.jta.platform.internal.NoJtaPlatform]
2025-01-17T15:10:45.393+05:30  INFO 21628 --- [main] j.LocalContainerEntityManagerFactoryBean : Initialized JPA EntityManagerFactory for persistence unit 'default'
2025-01-17T15:10:45.557+05:30  WARN 21628 --- [main] JpaBaseConfiguration$JpaWebConfiguration : spring.jpa.open-in-view is enabled by default. Therefore, database queries may be performed during view rendering. Explicitly configure spring.jpa.open-in-view to disable this warning
2025-01-17T15:10:46.246+05:30  WARN 21628 --- [main] .s.s.UserDetailsServiceAutoConfiguration : 

Using generated security password: e11bd377-c18c-44a1-bd63-a631db2ba90e

This generated password is for development use only. Your security configuration must be updated before running your application in production.

2025-01-17T15:10:46.378+05:30  INFO 21628 --- [main] o.s.b.a.e.web.EndpointLinksResolver      : Exposing 2 endpoint(s) beneath base path '/actuator'
2025-01-17T15:10:46.393+05:30  INFO 21628 --- [main] o.s.s.web.DefaultSecurityFilterChain     : Will secure any request with [org.springframework.security.web.session.DisableEncodeUrlFilter@542c6165, org.springframework.security.web.context.request.async.WebAsyncManagerIntegrationFilter@539f2fec, org.springframework.security.web.context.SecurityContextHolderFilter@29612ee2, org.springframework.security.web.header.HeaderWriterFilter@3f36c191, org.springframework.web.filter.CorsFilter@a4e1ca7, org.springframework.security.web.csrf.CsrfFilter@19439ec4, org.springframework.security.web.authentication.logout.LogoutFilter@585718dd, org.springframework.security.web.authentication.UsernamePasswordAuthenticationFilter@507187c1, org.springframework.security.web.authentication.ui.DefaultLoginPageGeneratingFilter@5cb64b9c, org.springframework.security.web.authentication.ui.DefaultLogoutPageGeneratingFilter@7d466ef9, org.springframework.security.web.authentication.www.BasicAuthenticationFilter@1f3310fc, org.springframework.security.web.savedrequest.RequestCacheAwareFilter@6a7cbeed, org.springframework.security.web.servletapi.SecurityContextHolderAwareRequestFilter@20843604, org.springframework.security.web.authentication.AnonymousAuthenticationFilter@4a561f7d, org.springframework.security.web.access.ExceptionTranslationFilter@47462daf, org.springframework.security.web.access.intercept.AuthorizationFilter@9cdf13e]
2025-01-17T15:10:46.625+05:30  INFO 21628 --- [main] o.s.b.w.embedded.tomcat.TomcatWebServer  : Tomcat started on port(s): 8080 (http) with context path ''
2025-01-17T15:10:46.656+05:30  INFO 21628 --- [main] com.donateraja.ApplicationKt             : Started ApplicationKt in 15.427 seconds (process running for 16.042)
2025-01-17T15:11:05.313+05:30  INFO 21628 --- [http-nio-8080-exec-1] o.a.c.c.C.[Tomcat].[localhost].[/]       : Initializing Spring DispatcherServlet 'dispatcherServlet'
2025-01-17T15:11:05.314+05:30  INFO 21628 --- [http-nio-8080-exec-1] o.s.web.servlet.DispatcherServlet        : Initializing Servlet 'dispatcherServlet'
2025-01-17T15:11:05.316+05:30  INFO 21628 --- [http-nio-8080-exec-1] o.s.web.servlet.DispatcherServlet        : Completed initialization in 2 ms
2025-01-17T15:13:10.439+05:30  INFO 21628 --- [SpringApplicationShutdownHook] j.LocalContainerEntityManagerFactoryBean : Closing JPA EntityManagerFactory for persistence unit 'default'
2025-01-17T15:13:10.442+05:30  INFO 21628 --- [SpringApplicationShutdownHook] com.zaxxer.hikari.HikariDataSource       : HikariPool-1 - Shutdown initiated...
2025-01-17T15:13:11.209+05:30  INFO 21628 --- [SpringApplicationShutdownHook] com.zaxxer.hikari.HikariDataSource       : HikariPool-1 - Shutdown completed.
2025-01-17T15:13:15.233+05:30  INFO 47100 --- [main] com.donateraja.ApplicationKt             : Starting ApplicationKt using Java 17.0.13 with PID 47100 (D:\rabbani-dr\donateraja\out\production\classes started by HAI in D:\rabbani-dr\donateraja)
2025-01-17T15:13:15.237+05:30  INFO 47100 --- [main] com.donateraja.ApplicationKt             : No active profile set, falling back to 1 default profile: "default"
2025-01-17T15:13:17.773+05:30  INFO 47100 --- [main] .s.d.r.c.RepositoryConfigurationDelegate : Bootstrapping Spring Data JPA repositories in DEFAULT mode.
2025-01-17T15:13:17.806+05:30  INFO 47100 --- [main] .s.d.r.c.RepositoryConfigurationDelegate : Finished Spring Data repository scanning in 19 ms. Found 0 JPA repository interfaces.
2025-01-17T15:13:18.826+05:30  INFO 47100 --- [main] o.s.b.w.embedded.tomcat.TomcatWebServer  : Tomcat initialized with port(s): 8080 (http)
2025-01-17T15:13:18.845+05:30  INFO 47100 --- [main] o.apache.catalina.core.StandardService   : Starting service [Tomcat]
2025-01-17T15:13:18.845+05:30  INFO 47100 --- [main] o.apache.catalina.core.StandardEngine    : Starting Servlet engine: [Apache Tomcat/10.1.8]
2025-01-17T15:13:19.128+05:30  INFO 47100 --- [main] o.a.c.c.C.[Tomcat].[localhost].[/]       : Initializing Spring embedded WebApplicationContext
2025-01-17T15:13:19.129+05:30  INFO 47100 --- [main] w.s.c.ServletWebServerApplicationContext : Root WebApplicationContext: initialization completed in 3771 ms
2025-01-17T15:13:19.752+05:30  INFO 47100 --- [main] o.f.c.internal.license.VersionPrinter    : Flyway Community Edition 9.16.3 by Redgate
2025-01-17T15:13:19.753+05:30  INFO 47100 --- [main] o.f.c.internal.license.VersionPrinter    : See release notes here: https://rd.gt/416ObMi
2025-01-17T15:13:19.754+05:30  INFO 47100 --- [main] o.f.c.internal.license.VersionPrinter    : 
2025-01-17T15:13:19.773+05:30  INFO 47100 --- [main] com.zaxxer.hikari.HikariDataSource       : HikariPool-1 - Starting...
2025-01-17T15:13:21.194+05:30  INFO 47100 --- [main] com.zaxxer.hikari.pool.HikariPool        : HikariPool-1 - Added connection org.postgresql.jdbc.PgConnection@189633f2
2025-01-17T15:13:21.198+05:30  INFO 47100 --- [main] com.zaxxer.hikari.HikariDataSource       : HikariPool-1 - Start completed.
2025-01-17T15:13:21.303+05:30  INFO 47100 --- [main] o.f.c.i.database.base.BaseDatabaseType   : Database: jdbc:postgresql://ep-tiny-forest-a17k2xt8.ap-southeast-1.aws.neon.tech:5432/donateraja (PostgreSQL 16.6)
2025-01-17T15:13:21.807+05:30  WARN 47100 --- [main] o.f.c.internal.database.base.Database    : Flyway upgrade recommended: PostgreSQL 16.6 is newer than this version of Flyway and support has not been tested. The latest supported version of PostgreSQL is 15.
2025-01-17T15:13:22.234+05:30  INFO 47100 --- [main] o.f.core.internal.command.DbValidate     : Successfully validated 1 migration (execution time 00:00.333s)
2025-01-17T15:13:23.408+05:30  INFO 47100 --- [main] o.f.core.internal.command.DbMigrate      : Current version of schema "public": 1
2025-01-17T15:13:23.492+05:30  INFO 47100 --- [main] o.f.core.internal.command.DbMigrate      : Schema "public" is up to date. No migration necessary.
2025-01-17T15:13:24.215+05:30  INFO 47100 --- [main] o.hibernate.jpa.internal.util.LogHelper  : HHH000204: Processing PersistenceUnitInfo [name: default]
2025-01-17T15:13:24.306+05:30  INFO 47100 --- [main] org.hibernate.Version                    : HHH000412: Hibernate ORM core version 6.2.2.Final
2025-01-17T15:13:24.309+05:30  INFO 47100 --- [main] org.hibernate.cfg.Environment            : HHH000406: Using bytecode reflection optimizer
2025-01-17T15:13:24.536+05:30  INFO 47100 --- [main] o.h.b.i.BytecodeProviderInitiator        : HHH000021: Bytecode provider name : bytebuddy
2025-01-17T15:13:24.778+05:30  INFO 47100 --- [main] o.s.o.j.p.SpringPersistenceUnitInfo      : No LoadTimeWeaver setup: ignoring JPA class transformer
2025-01-17T15:13:24.985+05:30  INFO 47100 --- [main] org.hibernate.orm.dialect                : HHH035001: Using dialect: org.hibernate.dialect.PostgreSQLDialect, version: org.hibernate.engine.jdbc.env.internal.JdbcEnvironmentInitiator$DialectResolutionInfoImpl@56554365
2025-01-17T15:13:25.266+05:30  INFO 47100 --- [main] o.h.b.i.BytecodeProviderInitiator        : HHH000021: Bytecode provider name : bytebuddy
2025-01-17T15:13:25.604+05:30  INFO 47100 --- [main] o.h.e.t.j.p.i.JtaPlatformInitiator       : HHH000490: Using JtaPlatform implementation: [org.hibernate.engine.transaction.jta.platform.internal.NoJtaPlatform]
2025-01-17T15:13:25.613+05:30  INFO 47100 --- [main] j.LocalContainerEntityManagerFactoryBean : Initialized JPA EntityManagerFactory for persistence unit 'default'
2025-01-17T15:13:25.787+05:30  WARN 47100 --- [main] JpaBaseConfiguration$JpaWebConfiguration : spring.jpa.open-in-view is enabled by default. Therefore, database queries may be performed during view rendering. Explicitly configure spring.jpa.open-in-view to disable this warning
2025-01-17T15:13:26.855+05:30  INFO 47100 --- [main] o.s.b.a.e.web.EndpointLinksResolver      : Exposing 2 endpoint(s) beneath base path '/actuator'
2025-01-17T15:13:26.876+05:30  INFO 47100 --- [main] o.s.s.web.DefaultSecurityFilterChain     : Will secure any request with [org.springframework.security.web.session.DisableEncodeUrlFilter@3bede349, org.springframework.security.web.context.request.async.WebAsyncManagerIntegrationFilter@501956f9, org.springframework.security.web.context.SecurityContextHolderFilter@3c98eaa9, org.springframework.security.web.header.HeaderWriterFilter@1a916120, org.springframework.web.filter.CorsFilter@299c86f0, org.springframework.security.web.csrf.CsrfFilter@1a0e5c0c, org.springframework.security.web.authentication.logout.LogoutFilter@1a598e30, org.springframework.security.web.authentication.UsernamePasswordAuthenticationFilter@268f126f, org.springframework.security.web.authentication.ui.DefaultLoginPageGeneratingFilter@58922a00, org.springframework.security.web.authentication.ui.DefaultLogoutPageGeneratingFilter@4fbed6fc, org.springframework.security.web.authentication.www.BasicAuthenticationFilter@6af02de0, org.springframework.security.web.savedrequest.RequestCacheAwareFilter@1930e8ef, org.springframework.security.web.servletapi.SecurityContextHolderAwareRequestFilter@52518ee1, org.springframework.security.web.authentication.AnonymousAuthenticationFilter@1b1d93e9, org.springframework.security.web.access.ExceptionTranslationFilter@4e22dadb, org.springframework.security.web.access.intercept.AuthorizationFilter@1e205025]
2025-01-17T15:13:27.083+05:30  INFO 47100 --- [main] o.s.b.w.embedded.tomcat.TomcatWebServer  : Tomcat started on port(s): 8080 (http) with context path ''
2025-01-17T15:13:27.123+05:30  INFO 47100 --- [main] com.donateraja.ApplicationKt             : Started ApplicationKt in 12.671 seconds (process running for 13.355)
2025-01-17T15:13:43.090+05:30  INFO 47100 --- [http-nio-8080-exec-1] o.a.c.c.C.[Tomcat].[localhost].[/]       : Initializing Spring DispatcherServlet 'dispatcherServlet'
2025-01-17T15:13:43.091+05:30  INFO 47100 --- [http-nio-8080-exec-1] o.s.web.servlet.DispatcherServlet        : Initializing Servlet 'dispatcherServlet'
2025-01-17T15:13:43.095+05:30  INFO 47100 --- [http-nio-8080-exec-1] o.s.web.servlet.DispatcherServlet        : Completed initialization in 4 ms
2025-01-17T15:13:49.659+05:30  INFO 47100 --- [http-nio-8080-exec-2] o.springdoc.api.AbstractOpenApiResource  : Init duration for springdoc-openapi is: 203 ms
2025-01-17T15:23:34.865+05:30  INFO 47100 --- [SpringApplicationShutdownHook] j.LocalContainerEntityManagerFactoryBean : Closing JPA EntityManagerFactory for persistence unit 'default'
2025-01-17T15:23:34.874+05:30  INFO 47100 --- [SpringApplicationShutdownHook] com.zaxxer.hikari.HikariDataSource       : HikariPool-1 - Shutdown initiated...
2025-01-17T15:23:34.890+05:30  INFO 47100 --- [SpringApplicationShutdownHook] com.zaxxer.hikari.HikariDataSource       : HikariPool-1 - Shutdown completed.
2025-01-17T15:23:42.737+05:30  INFO 872 --- [main] com.donateraja.ApplicationKt             : Starting ApplicationKt using Java 17.0.13 with PID 872 (D:\rabbani-dr\donateraja\out\production\classes started by HAI in D:\rabbani-dr\donateraja)
2025-01-17T15:23:42.744+05:30  INFO 872 --- [main] com.donateraja.ApplicationKt             : No active profile set, falling back to 1 default profile: "default"
2025-01-17T15:23:45.693+05:30  INFO 872 --- [main] .s.d.r.c.RepositoryConfigurationDelegate : Bootstrapping Spring Data JPA repositories in DEFAULT mode.
2025-01-17T15:23:45.725+05:30  INFO 872 --- [main] .s.d.r.c.RepositoryConfigurationDelegate : Finished Spring Data repository scanning in 18 ms. Found 0 JPA repository interfaces.
2025-01-17T15:23:47.442+05:30  INFO 872 --- [main] o.s.b.w.embedded.tomcat.TomcatWebServer  : Tomcat initialized with port(s): 8080 (http)
2025-01-17T15:23:47.455+05:30  INFO 872 --- [main] o.apache.catalina.core.StandardService   : Starting service [Tomcat]
2025-01-17T15:23:47.455+05:30  INFO 872 --- [main] o.apache.catalina.core.StandardEngine    : Starting Servlet engine: [Apache Tomcat/10.1.8]
2025-01-17T15:23:47.769+05:30  INFO 872 --- [main] o.a.c.c.C.[Tomcat].[localhost].[/]       : Initializing Spring embedded WebApplicationContext
2025-01-17T15:23:47.770+05:30  INFO 872 --- [main] w.s.c.ServletWebServerApplicationContext : Root WebApplicationContext: initialization completed in 4860 ms
2025-01-17T15:23:48.203+05:30  INFO 872 --- [main] o.f.c.internal.license.VersionPrinter    : Flyway Community Edition 9.16.3 by Redgate
2025-01-17T15:23:48.205+05:30  INFO 872 --- [main] o.f.c.internal.license.VersionPrinter    : See release notes here: https://rd.gt/416ObMi
2025-01-17T15:23:48.206+05:30  INFO 872 --- [main] o.f.c.internal.license.VersionPrinter    : 
2025-01-17T15:23:48.243+05:30  INFO 872 --- [main] com.zaxxer.hikari.HikariDataSource       : HikariPool-1 - Starting...
2025-01-17T15:23:50.223+05:30  INFO 872 --- [main] com.zaxxer.hikari.pool.HikariPool        : HikariPool-1 - Added connection org.postgresql.jdbc.PgConnection@6f4adaab
2025-01-17T15:23:50.226+05:30  INFO 872 --- [main] com.zaxxer.hikari.HikariDataSource       : HikariPool-1 - Start completed.
2025-01-17T15:23:50.324+05:30  INFO 872 --- [main] o.f.c.i.database.base.BaseDatabaseType   : Database: jdbc:postgresql://ep-tiny-forest-a17k2xt8.ap-southeast-1.aws.neon.tech:5432/donateraja (PostgreSQL 16.6)
2025-01-17T15:23:50.860+05:30  WARN 872 --- [main] o.f.c.internal.database.base.Database    : Flyway upgrade recommended: PostgreSQL 16.6 is newer than this version of Flyway and support has not been tested. The latest supported version of PostgreSQL is 15.
2025-01-17T15:23:51.313+05:30  INFO 872 --- [main] o.f.core.internal.command.DbValidate     : Successfully validated 1 migration (execution time 00:00.343s)
2025-01-17T15:23:52.297+05:30  INFO 872 --- [main] o.f.core.internal.command.DbMigrate      : Current version of schema "public": 1
2025-01-17T15:23:52.374+05:30  INFO 872 --- [main] o.f.core.internal.command.DbMigrate      : Schema "public" is up to date. No migration necessary.
2025-01-17T15:23:53.123+05:30  INFO 872 --- [main] o.hibernate.jpa.internal.util.LogHelper  : HHH000204: Processing PersistenceUnitInfo [name: default]
2025-01-17T15:23:53.528+05:30  INFO 872 --- [main] org.hibernate.Version                    : HHH000412: Hibernate ORM core version 6.2.2.Final
2025-01-17T15:23:53.561+05:30  INFO 872 --- [main] org.hibernate.cfg.Environment            : HHH000406: Using bytecode reflection optimizer
2025-01-17T15:23:53.972+05:30  INFO 872 --- [main] o.h.b.i.BytecodeProviderInitiator        : HHH000021: Bytecode provider name : bytebuddy
2025-01-17T15:23:54.720+05:30  INFO 872 --- [main] o.s.o.j.p.SpringPersistenceUnitInfo      : No LoadTimeWeaver setup: ignoring JPA class transformer
2025-01-17T15:23:54.975+05:30  INFO 872 --- [main] org.hibernate.orm.dialect                : HHH035001: Using dialect: org.hibernate.dialect.PostgreSQLDialect, version: org.hibernate.engine.jdbc.env.internal.JdbcEnvironmentInitiator$DialectResolutionInfoImpl@47374fa5
2025-01-17T15:23:55.364+05:30  INFO 872 --- [main] o.h.b.i.BytecodeProviderInitiator        : HHH000021: Bytecode provider name : bytebuddy
2025-01-17T15:23:55.858+05:30  INFO 872 --- [main] o.h.e.t.j.p.i.JtaPlatformInitiator       : HHH000490: Using JtaPlatform implementation: [org.hibernate.engine.transaction.jta.platform.internal.NoJtaPlatform]
2025-01-17T15:23:55.867+05:30  INFO 872 --- [main] j.LocalContainerEntityManagerFactoryBean : Initialized JPA EntityManagerFactory for persistence unit 'default'
2025-01-17T15:23:56.396+05:30  WARN 872 --- [main] JpaBaseConfiguration$JpaWebConfiguration : spring.jpa.open-in-view is enabled by default. Therefore, database queries may be performed during view rendering. Explicitly configure spring.jpa.open-in-view to disable this warning
2025-01-17T15:23:57.963+05:30  INFO 872 --- [main] o.s.b.a.e.web.EndpointLinksResolver      : Exposing 2 endpoint(s) beneath base path '/actuator'
2025-01-17T15:23:58.000+05:30  INFO 872 --- [main] o.s.s.web.DefaultSecurityFilterChain     : Will secure any request with [org.springframework.security.web.session.DisableEncodeUrlFilter@1bb3e150, org.springframework.security.web.context.request.async.WebAsyncManagerIntegrationFilter@6821d4e1, org.springframework.security.web.context.SecurityContextHolderFilter@4a76c90, org.springframework.security.web.header.HeaderWriterFilter@5cb64b9c, org.springframework.web.filter.CorsFilter@3ac76ad9, org.springframework.security.web.csrf.CsrfFilter@350ede1, org.springframework.security.web.authentication.logout.LogoutFilter@3749c6ac, org.springframework.security.web.authentication.UsernamePasswordAuthenticationFilter@539f2fec, org.springframework.security.web.authentication.ui.DefaultLoginPageGeneratingFilter@44b5b54, org.springframework.security.web.authentication.ui.DefaultLogoutPageGeneratingFilter@213c812a, org.springframework.security.web.authentication.www.BasicAuthenticationFilter@195d4780, org.springframework.security.web.savedrequest.RequestCacheAwareFilter@7da0587a, org.springframework.security.web.servletapi.SecurityContextHolderAwareRequestFilter@4b8c9729, org.springframework.security.web.authentication.AnonymousAuthenticationFilter@25814d3c, org.springframework.security.web.access.ExceptionTranslationFilter@1d82d35c, org.springframework.security.web.access.intercept.AuthorizationFilter@29dcad7e]
2025-01-17T15:23:58.423+05:30  INFO 872 --- [main] o.s.b.w.embedded.tomcat.TomcatWebServer  : Tomcat started on port(s): 8080 (http) with context path ''
2025-01-17T15:23:58.465+05:30  INFO 872 --- [main] com.donateraja.ApplicationKt             : Started ApplicationKt in 16.594 seconds (process running for 17.329)
2025-01-17T15:24:01.469+05:30  INFO 872 --- [http-nio-8080-exec-1] o.a.c.c.C.[Tomcat].[localhost].[/]       : Initializing Spring DispatcherServlet 'dispatcherServlet'
2025-01-17T15:24:01.470+05:30  INFO 872 --- [http-nio-8080-exec-1] o.s.web.servlet.DispatcherServlet        : Initializing Servlet 'dispatcherServlet'
2025-01-17T15:24:01.472+05:30  INFO 872 --- [http-nio-8080-exec-1] o.s.web.servlet.DispatcherServlet        : Completed initialization in 2 ms
2025-01-17T15:24:04.605+05:30  INFO 872 --- [http-nio-8080-exec-4] o.springdoc.api.AbstractOpenApiResource  : Init duration for springdoc-openapi is: 293 ms
